<?xml version="1.0" encoding="UTF-8"?>
<!-- Generated by org.testng.reporters.JUnitReportReporter -->
<testsuite skipped="0" hostname="DESKTOP-J8OAB9K" name="com.testcases.HomePageTest" tests="1" failures="0" timestamp="30 Sep 2020 14:08:14 GMT" time="8.761" errors="0">
  <testcase name="validateManagerIdTest" time="8.761" classname="com.testcases.HomePageTest"/>
</testsuite> <!-- com.testcases.HomePageTest -->
