<?xml version="1.0" encoding="UTF-8"?>
<!-- Generated by org.testng.reporters.JUnitReportReporter -->
<testsuite skipped="0" hostname="DESKTOP-J8OAB9K" name="com.testcases.LoginPageTest" tests="3" failures="0" timestamp="30 Sep 2020 14:08:14 GMT" time="20.215" errors="0">
  <testcase name="validateTitleTest" time="5.179" classname="com.testcases.LoginPageTest"/>
  <testcase name="validUnPwd" time="6.996" classname="com.testcases.LoginPageTest"/>
  <testcase name="invalidUnValidPwd" time="8.040" classname="com.testcases.LoginPageTest"/>
</testsuite> <!-- com.testcases.LoginPageTest -->
